Arguments: 
  C:\Program Files\nodejs\node.exe C:\Program Files (x86)\Yarn\bin\yarn.js start

PATH: 
  C:\Program Files\Common Files\Oracle\Java\javapath;C:\Program Files (x86)\Common Files\Oracle\Java\javapath;C:\Python38\Scripts\;C:\Python38\;C:\WINDOWS\system32;C:\WINDOWS;C:\WINDOWS\System32\Wbem;C:\WINDOWS\System32\WindowsPowerShell\v1.0\;C:\WINDOWS\System32\OpenSSH\;C:\ProgramData\chocolatey\bin;C:\Program Files (x86)\Aldec\Active-HDL 8.1\BIN;C:\Program Files\Git\cmd;C:\Program Files\MySQL\MySQL Server 8.0\bin;C:\Program Files\PostgreSQL\11\bin;C:\Program Files\PuTTY\;C:\Program Files (x86)\Yarn\bin\;C:\Users\isaia\AppData\Local\Android\Sdk\platform-tools;C:\Users\isaia\AppData\Local\Android\Sdk\emulator;C:\Program Files\OpenJDK\openjdk-8u272-b10\bin;C:\Program Files (x86)\Windows Kits\10\Windows Performance Toolkit\;C:\Users\isaia\AppData\Local\Android\Sdk\platform-tools;C:\nvm;C:\Program Files\nodejs;C:\Program Files\nodejs\;C:\Users\isaia\anaconda3;C:\Users\isaia\anaconda3\Library\mingw-w64\bin;C:\Users\isaia\anaconda3\Library\usr\bin;C:\Users\isaia\anaconda3\Library\bin;C:\Users\isaia\anaconda3\Scripts;C:\Users\isaia\AppData\Local\Programs\Python\Python39\Scripts\;C:\Users\isaia\AppData\Local\Programs\Python\Python39\;C:\Users\isaia\AppData\Local\Microsoft\WindowsApps;C:\Users\isaia\AppData\Local\Programs\Microsoft VS Code\bin;C:\Program Files\MongoDB\Server\4.4\bin;C:\Program Files\heroku\bin;C:\Program Files\PostgreSQL\11\bin;C:\Users\isaia\AppData\Local\Yarn\bin;C:\nvm;C:\Program Files\nodejs;C:\Users\isaia\AppData\Roaming\npm;C:\webm\bin

Yarn version: 
  1.22.5

Node version: 
  16.8.0

Platform: 
  win32 x64

Trace: 
  SyntaxError: C:\Users\isaia\Desktop\compiladores\package.json: Unexpected token } in JSON at position 133
      at JSON.parse (<anonymous>)
      at C:\Program Files (x86)\Yarn\lib\cli.js:1625:59
      at Generator.next (<anonymous>)
      at step (C:\Program Files (x86)\Yarn\lib\cli.js:310:30)
      at C:\Program Files (x86)\Yarn\lib\cli.js:321:13

npm manifest: 
  {
    "name": "compiladores",
    "version": "1.0.0",
    "description": "",
    "main": "index.js",
    "scripts": {
      "start": "tsc -w",
    },
    "keywords": [],
    "author": "",
    "license": "ISC",
    "dependencies": {
      "typescript": "^4.4.4"
    }
  }

yarn manifest: 
  No manifest

Lockfile: 
  # THIS IS AN AUTOGENERATED FILE. DO NOT EDIT THIS FILE DIRECTLY.
  # yarn lockfile v1
  
  
  typescript@^4.4.4:
    version "4.4.4"
    resolved "https://registry.yarnpkg.com/typescript/-/typescript-4.4.4.tgz#2cd01a1a1f160704d3101fd5a58ff0f9fcb8030c"
    integrity sha512-DqGhF5IKoBl8WNf8C1gu8q0xZSInh9j1kJJMqT3a94w1JzVaBU4EXOSMrz9yDqMT0xt3selp83fuFMQ0uzv6qA==
